<?xml version="1.0" encoding="UTF-8"?>
<!-- Generated by org.testng.reporters.JUnitXMLReporter -->
<testsuite hostname="DESKTOP-0PL7VUJ" ignored="0" name="Default test" tests="51" failures="0" timestamp="18 Jun 2019 17:58:24 GMT" time="200.716" errors="0">
  <testcase name="AddQuotes" time="3.204" classname="quotespage.InsertQuotes"/>
  <testcase name="AddQuotes" time="2.836" classname="quotespage.InsertQuotes"/>
  <testcase name="AddQuotes" time="3.125" classname="quotespage.InsertQuotes"/>
  <testcase name="AddQuotes" time="2.749" classname="quotespage.InsertQuotes"/>
  <testcase name="AddQuotes" time="2.953" classname="quotespage.InsertQuotes"/>
  <testcase name="AddQuotes" time="3.652" classname="quotespage.InsertQuotes"/>
  <testcase name="AddQuotes" time="3.237" classname="quotespage.InsertQuotes"/>
  <testcase name="AddQuotes" time="2.923" classname="quotespage.InsertQuotes"/>
  <testcase name="AddQuotes" time="2.987" classname="quotespage.InsertQuotes"/>
  <testcase name="AddQuotes" time="2.964" classname="quotespage.InsertQuotes"/>
  <testcase name="AddQuotes" time="2.802" classname="quotespage.InsertQuotes"/>
  <testcase name="AddQuotes" time="2.808" classname="quotespage.InsertQuotes"/>
  <testcase name="AddQuotes" time="2.914" classname="quotespage.InsertQuotes"/>
  <testcase name="AddQuotes" time="2.609" classname="quotespage.InsertQuotes"/>
  <testcase name="AddQuotes" time="3.056" classname="quotespage.InsertQuotes"/>
  <testcase name="AddQuotes" time="2.854" classname="quotespage.InsertQuotes"/>
  <testcase name="AddQuotes" time="2.835" classname="quotespage.InsertQuotes"/>
  <testcase name="AddQuotes" time="2.819" classname="quotespage.InsertQuotes"/>
  <testcase name="AddQuotes" time="2.738" classname="quotespage.InsertQuotes"/>
  <testcase name="AddQuotes" time="2.943" classname="quotespage.InsertQuotes"/>
  <testcase name="AddQuotes" time="2.904" classname="quotespage.InsertQuotes"/>
  <testcase name="AddQuotes" time="2.89" classname="quotespage.InsertQuotes"/>
  <testcase name="AddQuotes" time="2.792" classname="quotespage.InsertQuotes"/>
  <testcase name="AddQuotes" time="2.65" classname="quotespage.InsertQuotes"/>
  <testcase name="AddQuotes" time="2.658" classname="quotespage.InsertQuotes"/>
  <testcase name="AddQuotes" time="6.742" classname="quotespage.InsertQuotes"/>
  <testcase name="AddQuotes" time="2.871" classname="quotespage.InsertQuotes"/>
  <testcase name="AddQuotes" time="5.988" classname="quotespage.InsertQuotes"/>
  <testcase name="AddQuotes" time="2.963" classname="quotespage.InsertQuotes"/>
  <testcase name="AddQuotes" time="2.821" classname="quotespage.InsertQuotes"/>
  <testcase name="AddQuotes" time="3.07" classname="quotespage.InsertQuotes"/>
  <testcase name="AddQuotes" time="4.312" classname="quotespage.InsertQuotes"/>
  <testcase name="AddQuotes" time="3.419" classname="quotespage.InsertQuotes"/>
  <testcase name="AddQuotes" time="3.652" classname="quotespage.InsertQuotes"/>
  <testcase name="AddQuotes" time="2.855" classname="quotespage.InsertQuotes"/>
  <testcase name="AddQuotes" time="2.752" classname="quotespage.InsertQuotes"/>
  <testcase name="AddQuotes" time="3.438" classname="quotespage.InsertQuotes"/>
  <testcase name="AddQuotes" time="2.759" classname="quotespage.InsertQuotes"/>
  <testcase name="AddQuotes" time="3.038" classname="quotespage.InsertQuotes"/>
  <testcase name="AddQuotes" time="2.757" classname="quotespage.InsertQuotes"/>
  <testcase name="AddQuotes" time="2.977" classname="quotespage.InsertQuotes"/>
  <testcase name="AddQuotes" time="2.939" classname="quotespage.InsertQuotes"/>
  <testcase name="AddQuotes" time="2.862" classname="quotespage.InsertQuotes"/>
  <testcase name="AddQuotes" time="2.59" classname="quotespage.InsertQuotes"/>
  <testcase name="AddQuotes" time="2.745" classname="quotespage.InsertQuotes"/>
  <testcase name="AddQuotes" time="2.626" classname="quotespage.InsertQuotes"/>
  <testcase name="AddQuotes" time="2.642" classname="quotespage.InsertQuotes"/>
  <testcase name="AddQuotes" time="2.807" classname="quotespage.InsertQuotes"/>
  <testcase name="AddQuotes" time="2.614" classname="quotespage.InsertQuotes"/>
  <testcase name="AddQuotes" time="2.72" classname="quotespage.InsertQuotes"/>
  <testcase name="AddQuotes" time="2.927" classname="quotespage.InsertQuotes"/>
</testsuite> <!-- Default test -->
